<?xml version="1.0" encoding="UTF-8" ?>
<testsuite tests="4" failures="0" name="RouteCalculatorTest" time="0.008" errors="0" skipped="0">
  <properties>
[...]
</properties>
  <testcase classname="RouteCalculatorTest" name="testCalculateDuration" time="0.007"/>
  <testcase classname="RouteCalculatorTest" name="testGetRouteOnTheLine" time="0"/>
  <testcase classname="RouteCalculatorTest" name="testGetShortestRouteOne" time="0"/>
  <testcase classname="RouteCalculatorTest" name="testGetShortestRouteTwo" time="0.001"/>
</testsuite>